<?xml version="1.0" encoding="UTF-8"?>
<testsuite name="com.trello.qa.tests.BoardCreationTests" tests="4" skipped="0" failures="0" errors="0" timestamp="2019-10-07T16:17:54" hostname="Lena-Toshiba" time="175.811">
  <properties/>
  <testcase name="testBoardCreation" classname="com.trello.qa.tests.BoardCreationTests" time="23.873"/>
  <testcase name="testBoardCreationDP[0](name 1)" classname="com.trello.qa.tests.BoardCreationTests" time="23.639"/>
  <testcase name="testBoardCreationDP[1](1)" classname="com.trello.qa.tests.BoardCreationTests" time="63.872"/>
  <testcase name="testBoardCreationDP[2](׀¿ׁ€׀¿ׁ€׀¿ׁ€)" classname="com.trello.qa.tests.BoardCreationTests" time="64.398"/>
  <system-out><![CDATA[19:17:54.097 [Test worker] INFO  c.trello.qa.tests.BoardCreationTests - start test  BoardCreationTests
19:18:17.982 [Test worker] INFO  c.trello.qa.tests.BoardCreationTests - stop test  BoardCreationTests
19:18:17.982 [Test worker] INFO  c.trello.qa.tests.BoardCreationTests - ------------------------------------------------------------------------
19:18:17.998 [Test worker] INFO  c.trello.qa.tests.BoardCreationTests - start test  BoardCreationTests
19:18:41.640 [Test worker] INFO  c.trello.qa.tests.BoardCreationTests - stop test  BoardCreationTests
19:18:41.640 [Test worker] INFO  c.trello.qa.tests.BoardCreationTests - ------------------------------------------------------------------------
19:18:41.641 [Test worker] INFO  c.trello.qa.tests.BoardCreationTests - start test  BoardCreationTests
19:19:45.514 [Test worker] INFO  c.trello.qa.tests.BoardCreationTests - stop test  BoardCreationTests
19:19:45.515 [Test worker] INFO  c.trello.qa.tests.BoardCreationTests - ------------------------------------------------------------------------
19:19:45.516 [Test worker] INFO  c.trello.qa.tests.BoardCreationTests - start test  BoardCreationTests
19:20:49.918 [Test worker] INFO  c.trello.qa.tests.BoardCreationTests - stop test  BoardCreationTests
19:20:49.919 [Test worker] INFO  c.trello.qa.tests.BoardCreationTests - ------------------------------------------------------------------------
]]></system-out>
  <system-err><![CDATA[]]></system-err>
</testsuite>
