<?xml version="1.0" encoding="UTF-8"?>
<testsuite name="com.trello.qa.tests.TeamCreationTests" tests="5" skipped="0" failures="0" errors="0" timestamp="2019-09-23T17:15:30" hostname="Lena-Toshiba" time="163.539">
  <properties/>
  <testcase name="testTeamCreationFromPlusButtonOnHeaderWithDataProvider[0](name, description)" classname="com.trello.qa.tests.TeamCreationTests" time="32.989"/>
  <testcase name="testTeamCreationFromPlusButtonOnHeaderWithDataProvider[1](NAME, DESC)" classname="com.trello.qa.tests.TeamCreationTests" time="32.687"/>
  <testcase name="testTeamCreationFromPlusButtonOnHeaderWithDataProvider[2](1234, 45654)" classname="com.trello.qa.tests.TeamCreationTests" time="32.391"/>
  <testcase name="testTeamCreationFromPlusButtonOnHeaderWithDataProvider[3](&amp;^#$, *&amp;^%)" classname="com.trello.qa.tests.TeamCreationTests" time="32.801"/>
  <testcase name="testTeamCreationFromPlusButtonOnHeaderWithDataProvider[4](name,  )" classname="com.trello.qa.tests.TeamCreationTests" time="32.516"/>
  <system-out><![CDATA[]]></system-out>
  <system-err><![CDATA[]]></system-err>
</testsuite>
